<testsuite name="Mocha Tests" tests="7" failures="0" errors="1" skipped="0" timestamp="Mon, 23 May 2022 19:14:52 GMT" time="22.191">
<testcase classname="Contract: function TruffleContract() {
      this.constructor = temp;
      return Contract.apply(this, arguments);
    } 1. When Cake Pool is Deployed" name="is linked to the Mock reward  token" time="0.164"/>
<testcase classname="Contract: function TruffleContract() {
      this.constructor = temp;
      return Contract.apply(this, arguments);
    } 1. When Cake Pool is Deployed" name="is initialized for the Lp-Pair1 token" time="0.168"/>
<testcase classname="Contract: function TruffleContract() {
      this.constructor = temp;
      return Contract.apply(this, arguments);
    } 2. Alice staking CAKE after 10 blocks of farming" name="should fail if the amount or lock duration is less than zero" time="1.1"/>
<testcase classname="Contract: function TruffleContract() {
      this.constructor = temp;
      return Contract.apply(this, arguments);
    } 2. Alice staking CAKE after 10 blocks of farming" name="should  fail if  amount is less than MIN_DEPOSIT_AMOUNT " time="0.222"/>
<testcase classname="Contract: function TruffleContract() {
      this.constructor = temp;
      return Contract.apply(this, arguments);
    } 2. Alice staking CAKE after 10 blocks of farming" name="should fail if lock duration is less than MIN_LOCK_DURATION " time="0.306"/>
<testcase classname="Contract: function TruffleContract() {
      this.constructor = temp;
      return Contract.apply(this, arguments);
    } 2. Alice staking CAKE after 10 blocks of farming" name="Should fail if lock duration is greater than MAX_LOCK_DURATION " time="0.242"/>
<testcase classname="Contract: function TruffleContract() {
      this.constructor = temp;
      return Contract.apply(this, arguments);
    } 2. Alice staking CAKE after 10 blocks of farming" name="Should Havest Alice pending Reward in the Farm" time="0.511"><failure>Returned error: VM Exception while processing transaction: revert ERC20: transfer amount exceeds balance -- Reason given: ERC20: transfer amount exceeds balance.
Error: Returned error: VM Exception while processing transaction: revert ERC20: transfer amount exceeds balance -- Reason given: ERC20: transfer amount exceeds balance.
    at Context.&#x3C;anonymous&#x3E; (test\cake.test.js:160:33)
    at processImmediate (internal/timers.js:464:21)</failure></testcase>
</testsuite>
